
[31-May-2025 18:07:47 Europe/Berlin] PHP Fatal error:  Uncaught Error: Call to undefined function irListaChatPrivado.php() in C:\Users\Dan\Documents\xampp\htdocs\Frikeria\controladores\normal.php:272
Stack trace:
#0 {main}
  thrown in C:\Users\Dan\Documents\xampp\htdocs\Frikeria\controladores\normal.php on line 272
[31-May-2025 18:10:37 Europe/Berlin] PHP Fatal error:  Uncaught Error: Call to undefined function irListaChatPrivado.php() in C:\Users\Dan\Documents\xampp\htdocs\Frikeria\controladores\normal.php:272
Stack trace:
#0 {main}
  thrown in C:\Users\Dan\Documents\xampp\htdocs\Frikeria\controladores\normal.php on line 272
[31-May-2025 18:14:57 Europe/Berlin] PHP Fatal error:  Uncaught TypeError: usuario::getRole(): Argument #1 ($nom) must be of type string, null given, called in C:\Users\Dan\Documents\xampp\htdocs\Frikeria\controladores\normal.php on line 81 and defined in C:\Users\Dan\Documents\xampp\htdocs\Frikeria\classes\usuario.php:160
Stack trace:
#0 C:\Users\Dan\Documents\xampp\htdocs\Frikeria\controladores\normal.php(81): usuario->getRole(NULL)
#1 C:\Users\Dan\Documents\xampp\htdocs\Frikeria\controladores\normal.php(272): conseguirUsuario()
#2 {main}
  thrown in C:\Users\Dan\Documents\xampp\htdocs\Frikeria\classes\usuario.php on line 160
[31-May-2025 18:15:15 Europe/Berlin] PHP Fatal error:  Uncaught TypeError: usuario::getRole(): Argument #1 ($nom) must be of type string, null given, called in C:\Users\Dan\Documents\xampp\htdocs\Frikeria\controladores\normal.php on line 81 and defined in C:\Users\Dan\Documents\xampp\htdocs\Frikeria\classes\usuario.php:160
Stack trace:
#0 C:\Users\Dan\Documents\xampp\htdocs\Frikeria\controladores\normal.php(81): usuario->getRole(NULL)
#1 C:\Users\Dan\Documents\xampp\htdocs\Frikeria\controladores\normal.php(272): conseguirUsuario()
#2 {main}
  thrown in C:\Users\Dan\Documents\xampp\htdocs\Frikeria\classes\usuario.php on line 160
[31-May-2025 18:15:17 Europe/Berlin] PHP Fatal error:  Uncaught TypeError: usuario::getRole(): Argument #1 ($nom) must be of type string, null given, called in C:\Users\Dan\Documents\xampp\htdocs\Frikeria\controladores\normal.php on line 81 and defined in C:\Users\Dan\Documents\xampp\htdocs\Frikeria\classes\usuario.php:160
Stack trace:
#0 C:\Users\Dan\Documents\xampp\htdocs\Frikeria\controladores\normal.php(81): usuario->getRole(NULL)
#1 C:\Users\Dan\Documents\xampp\htdocs\Frikeria\controladores\normal.php(272): conseguirUsuario()
#2 {main}
  thrown in C:\Users\Dan\Documents\xampp\htdocs\Frikeria\classes\usuario.php on line 160
[31-May-2025 18:29:29 Europe/Berlin] PHP Fatal error:  Uncaught TypeError: usuario::getRole(): Argument #1 ($nom) must be of type string, null given, called in C:\Users\Dan\Documents\xampp\htdocs\Frikeria\controladores\normal.php on line 81 and defined in C:\Users\Dan\Documents\xampp\htdocs\Frikeria\classes\usuario.php:160
Stack trace:
#0 C:\Users\Dan\Documents\xampp\htdocs\Frikeria\controladores\normal.php(81): usuario->getRole(NULL)
#1 C:\Users\Dan\Documents\xampp\htdocs\Frikeria\controladores\normal.php(272): conseguirUsuario()
#2 {main}
  thrown in C:\Users\Dan\Documents\xampp\htdocs\Frikeria\classes\usuario.php on line 160
[31-May-2025 18:29:30 Europe/Berlin] PHP Fatal error:  Uncaught TypeError: usuario::getRole(): Argument #1 ($nom) must be of type string, null given, called in C:\Users\Dan\Documents\xampp\htdocs\Frikeria\controladores\normal.php on line 81 and defined in C:\Users\Dan\Documents\xampp\htdocs\Frikeria\classes\usuario.php:160
Stack trace:
#0 C:\Users\Dan\Documents\xampp\htdocs\Frikeria\controladores\normal.php(81): usuario->getRole(NULL)
#1 C:\Users\Dan\Documents\xampp\htdocs\Frikeria\controladores\normal.php(272): conseguirUsuario()
#2 {main}
  thrown in C:\Users\Dan\Documents\xampp\htdocs\Frikeria\classes\usuario.php on line 160
[31-May-2025 18:39:37 Europe/Berlin] PHP Fatal error:  Uncaught TypeError: usuario::getRole(): Argument #1 ($nom) must be of type string, null given, called in C:\Users\Dan\Documents\xampp\htdocs\Frikeria\controladores\normal.php on line 81 and defined in C:\Users\Dan\Documents\xampp\htdocs\Frikeria\classes\usuario.php:160
Stack trace:
#0 C:\Users\Dan\Documents\xampp\htdocs\Frikeria\controladores\normal.php(81): usuario->getRole(NULL)
#1 C:\Users\Dan\Documents\xampp\htdocs\Frikeria\controladores\normal.php(272): conseguirUsuario()
#2 {main}
  thrown in C:\Users\Dan\Documents\xampp\htdocs\Frikeria\classes\usuario.php on line 160
[31-May-2025 18:41:05 Europe/Berlin] PHP Fatal error:  Uncaught TypeError: usuario::getRole(): Argument #1 ($nom) must be of type string, null given, called in C:\Users\Dan\Documents\xampp\htdocs\Frikeria\controladores\normal.php on line 81 and defined in C:\Users\Dan\Documents\xampp\htdocs\Frikeria\classes\usuario.php:160
Stack trace:
#0 C:\Users\Dan\Documents\xampp\htdocs\Frikeria\controladores\normal.php(81): usuario->getRole(NULL)
#1 C:\Users\Dan\Documents\xampp\htdocs\Frikeria\controladores\normal.php(272): conseguirUsuario()
#2 {main}
  thrown in C:\Users\Dan\Documents\xampp\htdocs\Frikeria\classes\usuario.php on line 160
[31-May-2025 18:42:23 Europe/Berlin] PHP Fatal error:  Uncaught TypeError: usuario::getRole(): Argument #1 ($nom) must be of type string, null given, called in C:\Users\Dan\Documents\xampp\htdocs\Frikeria\controladores\normal.php on line 81 and defined in C:\Users\Dan\Documents\xampp\htdocs\Frikeria\classes\usuario.php:160
Stack trace:
#0 C:\Users\Dan\Documents\xampp\htdocs\Frikeria\controladores\normal.php(81): usuario->getRole(NULL)
#1 C:\Users\Dan\Documents\xampp\htdocs\Frikeria\controladores\normal.php(272): conseguirUsuario()
#2 {main}
  thrown in C:\Users\Dan\Documents\xampp\htdocs\Frikeria\classes\usuario.php on line 160
[31-May-2025 18:42:30 Europe/Berlin] PHP Fatal error:  Uncaught TypeError: usuario::getRole(): Argument #1 ($nom) must be of type string, null given, called in C:\Users\Dan\Documents\xampp\htdocs\Frikeria\controladores\normal.php on line 81 and defined in C:\Users\Dan\Documents\xampp\htdocs\Frikeria\classes\usuario.php:160
Stack trace:
#0 C:\Users\Dan\Documents\xampp\htdocs\Frikeria\controladores\normal.php(81): usuario->getRole(NULL)
#1 C:\Users\Dan\Documents\xampp\htdocs\Frikeria\controladores\normal.php(272): conseguirUsuario()
#2 {main}
  thrown in C:\Users\Dan\Documents\xampp\htdocs\Frikeria\classes\usuario.php on line 160
[31-May-2025 18:51:32 Europe/Berlin] PHP Fatal error:  Uncaught TypeError: usuario::getRole(): Argument #1 ($nom) must be of type string, null given, called in C:\Users\Dan\Documents\xampp\htdocs\Frikeria\controladores\normal.php on line 81 and defined in C:\Users\Dan\Documents\xampp\htdocs\Frikeria\classes\usuario.php:160
Stack trace:
#0 C:\Users\Dan\Documents\xampp\htdocs\Frikeria\controladores\normal.php(81): usuario->getRole(NULL)
#1 C:\Users\Dan\Documents\xampp\htdocs\Frikeria\controladores\normal.php(272): conseguirUsuario()
#2 {main}
  thrown in C:\Users\Dan\Documents\xampp\htdocs\Frikeria\classes\usuario.php on line 160
[31-May-2025 18:51:41 Europe/Berlin] PHP Fatal error:  Uncaught TypeError: usuario::getRole(): Argument #1 ($nom) must be of type string, null given, called in C:\Users\Dan\Documents\xampp\htdocs\Frikeria\controladores\normal.php on line 81 and defined in C:\Users\Dan\Documents\xampp\htdocs\Frikeria\classes\usuario.php:160
Stack trace:
#0 C:\Users\Dan\Documents\xampp\htdocs\Frikeria\controladores\normal.php(81): usuario->getRole(NULL)
#1 C:\Users\Dan\Documents\xampp\htdocs\Frikeria\controladores\normal.php(272): conseguirUsuario()
#2 {main}
  thrown in C:\Users\Dan\Documents\xampp\htdocs\Frikeria\classes\usuario.php on line 160
[31-May-2025 18:53:29 Europe/Berlin] PHP Fatal error:  Uncaught TypeError: usuario::getRole(): Argument #1 ($nom) must be of type string, null given, called in C:\Users\Dan\Documents\xampp\htdocs\Frikeria\controladores\normal.php on line 81 and defined in C:\Users\Dan\Documents\xampp\htdocs\Frikeria\classes\usuario.php:160
Stack trace:
#0 C:\Users\Dan\Documents\xampp\htdocs\Frikeria\controladores\normal.php(81): usuario->getRole(NULL)
#1 C:\Users\Dan\Documents\xampp\htdocs\Frikeria\controladores\normal.php(272): conseguirUsuario()
#2 {main}
  thrown in C:\Users\Dan\Documents\xampp\htdocs\Frikeria\classes\usuario.php on line 160
[31-May-2025 18:53:31 Europe/Berlin] PHP Fatal error:  Uncaught TypeError: usuario::getRole(): Argument #1 ($nom) must be of type string, null given, called in C:\Users\Dan\Documents\xampp\htdocs\Frikeria\controladores\normal.php on line 81 and defined in C:\Users\Dan\Documents\xampp\htdocs\Frikeria\classes\usuario.php:160
Stack trace:
#0 C:\Users\Dan\Documents\xampp\htdocs\Frikeria\controladores\normal.php(81): usuario->getRole(NULL)
#1 C:\Users\Dan\Documents\xampp\htdocs\Frikeria\controladores\normal.php(272): conseguirUsuario()
#2 {main}
  thrown in C:\Users\Dan\Documents\xampp\htdocs\Frikeria\classes\usuario.php on line 160
[31-May-2025 18:57:28 Europe/Berlin] PHP Fatal error:  Uncaught TypeError: usuario::getRole(): Argument #1 ($nom) must be of type string, null given, called in C:\Users\Dan\Documents\xampp\htdocs\Frikeria\controladores\normal.php on line 81 and defined in C:\Users\Dan\Documents\xampp\htdocs\Frikeria\classes\usuario.php:160
Stack trace:
#0 C:\Users\Dan\Documents\xampp\htdocs\Frikeria\controladores\normal.php(81): usuario->getRole(NULL)
#1 C:\Users\Dan\Documents\xampp\htdocs\Frikeria\controladores\normal.php(272): conseguirUsuario()
#2 {main}
  thrown in C:\Users\Dan\Documents\xampp\htdocs\Frikeria\classes\usuario.php on line 160
[31-May-2025 18:59:39 Europe/Berlin] PHP Fatal error:  Uncaught TypeError: usuario::getRole(): Argument #1 ($nom) must be of type string, null given, called in C:\Users\Dan\Documents\xampp\htdocs\Frikeria\controladores\normal.php on line 81 and defined in C:\Users\Dan\Documents\xampp\htdocs\Frikeria\classes\usuario.php:160
Stack trace:
#0 C:\Users\Dan\Documents\xampp\htdocs\Frikeria\controladores\normal.php(81): usuario->getRole(NULL)
#1 C:\Users\Dan\Documents\xampp\htdocs\Frikeria\controladores\normal.php(272): conseguirUsuario()
#2 {main}
  thrown in C:\Users\Dan\Documents\xampp\htdocs\Frikeria\classes\usuario.php on line 160
[31-May-2025 19:01:16 Europe/Berlin] PHP Fatal error:  Uncaught TypeError: usuario::getRole(): Argument #1 ($nom) must be of type string, null given, called in C:\Users\Dan\Documents\xampp\htdocs\Frikeria\controladores\normal.php on line 81 and defined in C:\Users\Dan\Documents\xampp\htdocs\Frikeria\classes\usuario.php:160
Stack trace:
#0 C:\Users\Dan\Documents\xampp\htdocs\Frikeria\controladores\normal.php(81): usuario->getRole(NULL)
#1 C:\Users\Dan\Documents\xampp\htdocs\Frikeria\controladores\normal.php(272): conseguirUsuario()
#2 {main}
  thrown in C:\Users\Dan\Documents\xampp\htdocs\Frikeria\classes\usuario.php on line 160
[31-May-2025 19:01:17 Europe/Berlin] PHP Fatal error:  Uncaught TypeError: usuario::getRole(): Argument #1 ($nom) must be of type string, null given, called in C:\Users\Dan\Documents\xampp\htdocs\Frikeria\controladores\normal.php on line 81 and defined in C:\Users\Dan\Documents\xampp\htdocs\Frikeria\classes\usuario.php:160
Stack trace:
#0 C:\Users\Dan\Documents\xampp\htdocs\Frikeria\controladores\normal.php(81): usuario->getRole(NULL)
#1 C:\Users\Dan\Documents\xampp\htdocs\Frikeria\controladores\normal.php(272): conseguirUsuario()
#2 {main}
  thrown in C:\Users\Dan\Documents\xampp\htdocs\Frikeria\classes\usuario.php on line 160
[31-May-2025 19:19:46 Europe/Berlin] PHP Fatal error:  Uncaught TypeError: usuario::getRole(): Argument #1 ($nom) must be of type string, null given, called in C:\Users\Dan\Documents\xampp\htdocs\Frikeria\controladores\normal.php on line 81 and defined in C:\Users\Dan\Documents\xampp\htdocs\Frikeria\classes\usuario.php:160
Stack trace:
#0 C:\Users\Dan\Documents\xampp\htdocs\Frikeria\controladores\normal.php(81): usuario->getRole(NULL)
#1 C:\Users\Dan\Documents\xampp\htdocs\Frikeria\controladores\normal.php(272): conseguirUsuario()
#2 {main}
  thrown in C:\Users\Dan\Documents\xampp\htdocs\Frikeria\classes\usuario.php on line 160
[31-May-2025 19:19:48 Europe/Berlin] PHP Fatal error:  Uncaught TypeError: usuario::getRole(): Argument #1 ($nom) must be of type string, null given, called in C:\Users\Dan\Documents\xampp\htdocs\Frikeria\controladores\normal.php on line 81 and defined in C:\Users\Dan\Documents\xampp\htdocs\Frikeria\classes\usuario.php:160
Stack trace:
#0 C:\Users\Dan\Documents\xampp\htdocs\Frikeria\controladores\normal.php(81): usuario->getRole(NULL)
#1 C:\Users\Dan\Documents\xampp\htdocs\Frikeria\controladores\normal.php(272): conseguirUsuario()
#2 {main}
  thrown in C:\Users\Dan\Documents\xampp\htdocs\Frikeria\classes\usuario.php on line 160
[31-May-2025 19:20:26 Europe/Berlin] PHP Fatal error:  Uncaught TypeError: usuario::getRole(): Argument #1 ($nom) must be of type string, null given, called in C:\Users\Dan\Documents\xampp\htdocs\Frikeria\controladores\normal.php on line 81 and defined in C:\Users\Dan\Documents\xampp\htdocs\Frikeria\classes\usuario.php:160
Stack trace:
#0 C:\Users\Dan\Documents\xampp\htdocs\Frikeria\controladores\normal.php(81): usuario->getRole(NULL)
#1 C:\Users\Dan\Documents\xampp\htdocs\Frikeria\controladores\normal.php(272): conseguirUsuario()
#2 {main}
  thrown in C:\Users\Dan\Documents\xampp\htdocs\Frikeria\classes\usuario.php on line 160
